#
# A fatal error has been detected by the Java Runtime Environment:
#
#  Internal Error (javaClasses.cpp:136), pid=8840, tid=7172
#  fatal error: Invalid layout of preloaded class
#
# JRE version:  (7.0_71-b14) (build )
# Java VM: Java HotSpot(TM) 64-Bit Server VM (24.71-b01 mixed mode windows-amd64 compressed oops)
# Failed to write core dump. Minidumps are not enabled by default on client versions of Windows
#
# If you would like to submit a bug report, please visit:
#   http://bugreport.sun.com/bugreport/crash.jsp
#

---------------  T H R E A D  ---------------

Current thread (0x0000000002390800):  JavaThread "Unknown thread" [_thread_in_vm, id=7172, stack(0x0000000002290000,0x0000000002390000)]

Stack: [0x0000000002290000,0x0000000002390000]
[error occurred during error reporting (printing stack bounds), id 0xc0000005]


---------------  P R O C E S S  ---------------

Java Threads: ( => current thread )

Other Threads:

=>0x0000000002390800 (exited) JavaThread "Unknown thread" [_thread_in_vm, id=7172, stack(0x0000000002290000,0x0000000002390000)]

VM state:not at safepoint (not fully initialized)

VM Mutex/Monitor currently owned by a thread: None

GC Heap History (0 events):
No events

Deoptimization events (0 events):
No events

Internal exceptions (0 events):
No events

Events (10 events):
Event: 0.011 loading class 0x00000000023d5030 done
Event: 0.011 loading class 0x00000000023d4a50 done
Event: 0.011 loading class 0x00000000023d4a30
Event: 0.011 loading class 0x00000000023dcb80
Event: 0.011 loading class 0x00000000023dcb80 done
Event: 0.011 loading class 0x00000000023dcbb0
Event: 0.011 loading class 0x00000000023dcbb0 done
Event: 0.011 loading class 0x00000000023dcbe0
Event: 0.012 loading class 0x00000000023dcbe0 done
Event: 0.012 loading class 0x00000000023d4a30 done


Dynamic libraries:
0x00007ff6fd640000 - 0x00007ff6fd673000 	C:\Program Files\Java\jre7\bin\javaw.exe
0x00007ff9df410000 - 0x00007ff9df5b6000 	C:\WINDOWS\SYSTEM32\ntdll.dll
0x00007ff9dcea0000 - 0x00007ff9dcfda000 	C:\WINDOWS\system32\KERNEL32.DLL
0x00007ff9dc960000 - 0x00007ff9dca6f000 	C:\WINDOWS\system32\KERNELBASE.dll
0x00007ff9db130000 - 0x00007ff9db1b8000 	C:\WINDOWS\system32\apphelp.dll
0x00007ff9d0c80000 - 0x00007ff9d0ccf000 	C:\WINDOWS\AppPatch\AppPatch64\AcGenral.DLL
0x00007ff9dd570000 - 0x00007ff9dd617000 	C:\WINDOWS\system32\msvcrt.dll
0x00007ff9dc5d0000 - 0x00007ff9dc5fb000 	C:\WINDOWS\SYSTEM32\SspiCli.dll
0x00007ff9dd680000 - 0x00007ff9dd6d1000 	C:\WINDOWS\system32\SHLWAPI.dll
0x00007ff9dcfe0000 - 0x00007ff9dd151000 	C:\WINDOWS\system32\USER32.dll
0x00007ff9dd7d0000 - 0x00007ff9dd948000 	C:\WINDOWS\system32\ole32.dll
0x00007ff9ddd90000 - 0x00007ff9df19f000 	C:\WINDOWS\system32\SHELL32.dll
0x00007ff9dbda0000 - 0x00007ff9dbdbe000 	C:\WINDOWS\SYSTEM32\USERENV.dll
0x00007ff9df1b0000 - 0x00007ff9df255000 	C:\WINDOWS\system32\ADVAPI32.dll
0x00007ff9d2be0000 - 0x00007ff9d2bfb000 	C:\WINDOWS\SYSTEM32\MPR.dll
0x00007ff9dda70000 - 0x00007ff9ddba7000 	C:\WINDOWS\system32\RPCRT4.dll
0x00007ff9dd510000 - 0x00007ff9dd567000 	C:\WINDOWS\SYSTEM32\sechost.dll
0x00007ff9dd160000 - 0x00007ff9dd336000 	C:\WINDOWS\SYSTEM32\combase.dll
0x00007ff9df2c0000 - 0x00007ff9df404000 	C:\WINDOWS\system32\GDI32.dll
0x00007ff9dc790000 - 0x00007ff9dc7a4000 	C:\WINDOWS\SYSTEM32\profapi.dll
0x00007ff9d9c50000 - 0x00007ff9d9cef000 	C:\WINDOWS\SYSTEM32\SHCORE.dll
0x00007ff9dd6e0000 - 0x00007ff9dd714000 	C:\WINDOWS\system32\IMM32.DLL
0x00007ff9dcca0000 - 0x00007ff9dcdd9000 	C:\WINDOWS\system32\MSCTF.dll
0x00007ff9d9820000 - 0x00007ff9d9a7a000 	C:\WINDOWS\WinSxS\amd64_microsoft.windows.common-controls_6595b64144ccf1df_6.0.9600.17031_none_6242a4b3ecbb55a1\COMCTL32.dll
0x000000005cdd0000 - 0x000000005cea2000 	C:\Program Files\Java\jre7\bin\msvcr100.dll
0x000000005c5f0000 - 0x000000005cdc3000 	C:\Program Files\Java\jre7\bin\server\jvm.dll
0x00007ff9c4430000 - 0x00007ff9c4439000 	C:\WINDOWS\SYSTEM32\WSOCK32.dll
0x00007ff9d7cd0000 - 0x00007ff9d7cef000 	C:\WINDOWS\SYSTEM32\WINMM.dll
0x00007ff9dd500000 - 0x00007ff9dd507000 	C:\WINDOWS\system32\PSAPI.DLL
0x00007ff9dd950000 - 0x00007ff9dd9a8000 	C:\WINDOWS\system32\WS2_32.dll
0x00007ff9d7ca0000 - 0x00007ff9d7cca000 	C:\WINDOWS\SYSTEM32\WINMMBASE.dll
0x00007ff9dd4f0000 - 0x00007ff9dd4f9000 	C:\WINDOWS\system32\NSI.dll
0x00007ff9dc910000 - 0x00007ff9dc95a000 	C:\WINDOWS\SYSTEM32\cfgmgr32.dll
0x00007ff9db640000 - 0x00007ff9db666000 	C:\WINDOWS\SYSTEM32\DEVOBJ.dll
0x000000005d390000 - 0x000000005d39f000 	C:\Program Files\Java\jre7\bin\verify.dll
0x000000005d360000 - 0x000000005d388000 	C:\Program Files\Java\jre7\bin\java.dll
0x000000005d2f0000 - 0x000000005d305000 	C:\Program Files\Java\jre7\bin\zip.dll

VM Arguments:
jvm_args: -Dfile.encoding=Cp1252 -Xbootclasspath:C:\Users\Siddharth\android-sdks\platforms\android-19\android.jar;C:\Users\Siddharth\android-sdks\add-ons\addon-google_apis-google-19\libs\effects.jar;C:\Users\Siddharth\android-sdks\add-ons\addon-google_apis-google-19\libs\usb.jar;C:\Users\Siddharth\android-sdks\add-ons\addon-google_apis-google-19\libs\maps.jar 
java_command: com.example.android.softkeyboard.Search
Launcher Type: SUN_STANDARD

Environment Variables:
JAVA_HOME=C:\Program Files\Java\jdk1.7.0_71
PATH=C:\oraclexe\app\oracle\product\10.2.0\server\bin;C:\Program Files (x86)\Intel\iCLS Client\;C:\Program Files\Intel\iCLS Client\;C:\WINDOWS\system32;C:\WINDOWS;C:\WINDOWS\System32\Wbem;C:\WINDOWS\System32\WindowsPowerShell\v1.0\;C:\Program Files (x86)\Windows Live\Shared;C:\Program Files\Intel\Intel(R) Management Engine Components\DAL;C:\Program Files\Intel\Intel(R) Management Engine Components\IPT;C:\Program Files (x86)\Intel\Intel(R) Management Engine Components\DAL;C:\Program Files (x86)\Intel\Intel(R) Management Engine Components\IPT;C:\Program Files (x86)\Intel\OpenCL SDK\3.0\bin\x86;C:\Program Files (x86)\Intel\OpenCL SDK\3.0\bin\x64;C:\Program Files\MATLAB\R2013a\bin
USERNAME=Siddharth
OS=Windows_NT
PROCESSOR_IDENTIFIER=Intel64 Family 6 Model 69 Stepping 1, GenuineIntel



---------------  S Y S T E M  ---------------

OS: Windows 8.1 , 64 bit Build 9600 

CPU:total 4 (2 cores per cpu, 2 threads per core) family 6 model 69 stepping 1, cmov, cx8, fxsr, mmx, sse, sse2, sse3, ssse3, sse4.1, sse4.2, popcnt, avx, avx2, aes, erms, ht, tsc, tscinvbit

Memory: 4k page, physical 8153240k(3994336k free), swap 9463960k(2749664k free)

vm_info: Java HotSpot(TM) 64-Bit Server VM (24.71-b01) for windows-amd64 JRE (1.7.0_71-b14), built on Sep 26 2014 16:16:12 by "java_re" with unknown MS VC++:1600

time: Sat Oct 18 19:26:55 2014
elapsed time: 0 seconds

